{"total": {"lines":{"total":25,"covered":24,"skipped":0,"pct":96},"statements":{"total":25,"covered":24,"skipped":0,"pct":96},"functions":{"total":10,"covered":10,"skipped":0,"pct":100},"branches":{"total":16,"covered":15,"skipped":0,"pct":93.75},"branchesTrue":{"total":0,"covered":0,"skipped":0,"pct":100}}
,"C:\\Users\\Hans\\Downloads\\template_repo_mobile_multi-test\\src\\config\\appConfig.ts": {"lines":{"total":9,"covered":9,"skipped":0,"pct":100},"functions":{"total":2,"covered":2,"skipped":0,"pct":100},"statements":{"total":9,"covered":9,"skipped":0,"pct":100},"branches":{"total":11,"covered":11,"skipped":0,"pct":100}}
,"C:\\Users\\Hans\\Downloads\\template_repo_mobile_multi-test\\src\\system\\dummySystem.ts": {"lines":{"total":16,"covered":15,"skipped":0,"pct":93.75},"functions":{"total":8,"covered":8,"skipped":0,"pct":100},"statements":{"total":16,"covered":15,"skipped":0,"pct":93.75},"branches":{"total":5,"covered":4,"skipped":0,"pct":80}}
}
